2014-05-07 15:50:40.624 CI_Panxampla[28422:70b] Multi-tasking -> Device: YES, App: YES
2014-05-07 15:50:40.633 CI_Panxampla[28422:70b] Unlimited access to network resources
2014-05-07 15:50:40.785 CI_Panxampla[28422:70b] Resetting plugins due to page load.
2014-05-07 15:50:40.908 CI_Panxampla[28422:70b] Finished load of: file:///Users/japonte/Library/Application%20Support/iPhone%20Simulator/7.1/Applications/667F2ADC-2BDC-432A-893F-2349F5A0A9AC/CI_Panxampla.app/www/index.html
Terminating in response to SpringBoard's termination.
2014-05-07 16:02:30.447 CI_Panxampla[29643:70b] Multi-tasking -> Device: YES, App: YES
2014-05-07 16:02:30.456 CI_Panxampla[29643:70b] Unlimited access to network resources
2014-05-07 16:02:30.604 CI_Panxampla[29643:70b] Resetting plugins due to page load.
2014-05-07 16:02:30.717 CI_Panxampla[29643:70b] Finished load of: file:///Users/japonte/Library/Application%20Support/iPhone%20Simulator/7.1/Applications/667F2ADC-2BDC-432A-893F-2349F5A0A9AC/CI_Panxampla.app/www/index.html
Terminating in response to SpringBoard's termination.
2014-05-07 16:19:06.580 CI_Panxampla[31425:70b] Multi-tasking -> Device: YES, App: YES
2014-05-07 16:19:06.591 CI_Panxampla[31425:70b] Unlimited access to network resources
2014-05-07 16:19:06.738 CI_Panxampla[31425:70b] Resetting plugins due to page load.
2014-05-07 16:19:06.965 CI_Panxampla[31425:70b] Finished load of: file:///Users/japonte/Library/Application%20Support/iPhone%20Simulator/7.1/Applications/667F2ADC-2BDC-432A-893F-2349F5A0A9AC/CI_Panxampla.app/www/index.html
2014-05-07 16:23:32.718 CI_Panxampla[32279:70b] Multi-tasking -> Device: YES, App: YES
2014-05-07 16:23:32.730 CI_Panxampla[32279:70b] Unlimited access to network resources
2014-05-07 16:23:32.860 CI_Panxampla[32279:70b] Resetting plugins due to page load.
2014-05-07 16:23:33.180 CI_Panxampla[32279:70b] Finished load of: file:///Users/japonte/Library/Application%20Support/iPhone%20Simulator/7.1/Applications/667F2ADC-2BDC-432A-893F-2349F5A0A9AC/CI_Panxampla.app/www/index.html
Terminating in response to SpringBoard's termination.
2014-05-07 20:09:50.234 CI_Panxampla[42169:70b] Multi-tasking -> Device: YES, App: YES
2014-05-07 20:09:50.245 CI_Panxampla[42169:70b] Unlimited access to network resources
2014-05-07 20:09:50.248 CI_Panxampla[42169:70b] Fix applied for database locations?: YES
2014-05-07 20:09:50.294 CI_Panxampla[42169:70b] Resetting plugins due to page load.
2014-05-07 20:09:50.409 CI_Panxampla[42169:70b] Finished load of: file:///Users/japonte/Library/Application%20Support/iPhone%20Simulator/7.1/Applications/1CA31A61-A6CA-4A50-997D-53D3336E0370/CI_Panxampla.app/www/index.html
2014-05-07 20:13:38.754 CI_Panxampla[42827:70b] Multi-tasking -> Device: YES, App: YES
2014-05-07 20:13:38.769 CI_Panxampla[42827:70b] Unlimited access to network resources
2014-05-07 20:13:38.913 CI_Panxampla[42827:70b] Resetting plugins due to page load.
2014-05-07 20:13:39.183 CI_Panxampla[42827:70b] Finished load of: file:///Users/japonte/Library/Application%20Support/iPhone%20Simulator/7.1/Applications/1CA31A61-A6CA-4A50-997D-53D3336E0370/CI_Panxampla.app/www/index.html
2014-05-07 20:28:35.819 CI_Panxampla[46154:70b] Multi-tasking -> Device: YES, App: YES
2014-05-07 20:28:35.828 CI_Panxampla[46154:70b] Unlimited access to network resources
2014-05-07 20:28:35.957 CI_Panxampla[46154:70b] Resetting plugins due to page load.
2014-05-07 20:28:36.147 CI_Panxampla[46154:70b] Finished load of: file:///Users/japonte/Library/Application%20Support/iPhone%20Simulator/7.1/Applications/1CA31A61-A6CA-4A50-997D-53D3336E0370/CI_Panxampla.app/www/index.html
2014-05-07 20:31:10.026 CI_Panxampla[46803:70b] Multi-tasking -> Device: YES, App: YES
2014-05-07 20:31:10.035 CI_Panxampla[46803:70b] Unlimited access to network resources
2014-05-07 20:31:10.189 CI_Panxampla[46803:70b] Resetting plugins due to page load.
2014-05-07 20:31:10.400 CI_Panxampla[46803:70b] Finished load of: file:///Users/japonte/Library/Application%20Support/iPhone%20Simulator/7.1/Applications/1CA31A61-A6CA-4A50-997D-53D3336E0370/CI_Panxampla.app/www/index.html
2014-05-07 20:32:48.363 CI_Panxampla[47454:70b] Multi-tasking -> Device: YES, App: YES
2014-05-07 20:32:48.373 CI_Panxampla[47454:70b] Unlimited access to network resources
2014-05-07 20:32:48.504 CI_Panxampla[47454:70b] Resetting plugins due to page load.
2014-05-07 20:32:48.700 CI_Panxampla[47454:70b] Finished load of: file:///Users/japonte/Library/Application%20Support/iPhone%20Simulator/7.1/Applications/1CA31A61-A6CA-4A50-997D-53D3336E0370/CI_Panxampla.app/www/index.html
2014-05-07 20:32:52.391 CI_Panxampla[47454:70b] THREAD WARNING: ['Notification'] took '14.269043' ms. Plugin should use a background thread.
2014-05-07 20:51:48.000 CI_Panxampla[48293:70b] Multi-tasking -> Device: YES, App: YES
2014-05-07 20:51:48.010 CI_Panxampla[48293:70b] Unlimited access to network resources
2014-05-07 20:51:48.179 CI_Panxampla[48293:70b] Resetting plugins due to page load.
2014-05-07 20:51:48.532 CI_Panxampla[48293:70b] Finished load of: file:///Users/japonte/Library/Application%20Support/iPhone%20Simulator/7.1/Applications/1CA31A61-A6CA-4A50-997D-53D3336E0370/CI_Panxampla.app/www/index.html
2014-05-07 20:53:57.870 CI_Panxampla[48293:70b] THREAD WARNING: ['Notification'] took '13.366943' ms. Plugin should use a background thread.
2014-05-07 20:57:19.581 CI_Panxampla[48918:70b] Multi-tasking -> Device: YES, App: YES
2014-05-07 20:57:19.587 CI_Panxampla[48918:70b] Unlimited access to network resources
2014-05-07 20:57:19.635 CI_Panxampla[48918:70b] Resetting plugins due to page load.
2014-05-07 20:57:19.739 CI_Panxampla[48918:70b] Finished load of: file:///Users/japonte/Library/Application%20Support/iPhone%20Simulator/7.1/Applications/1CA31A61-A6CA-4A50-997D-53D3336E0370/CI_Panxampla.app/www/index.html
2014-05-08 19:52:43.807 CI_Panxampla[3689:70b] Multi-tasking -> Device: YES, App: YES
2014-05-08 19:52:43.848 CI_Panxampla[3689:70b] Unlimited access to network resources
2014-05-08 19:52:44.179 CI_Panxampla[3689:70b] Resetting plugins due to page load.
2014-05-08 19:52:44.496 CI_Panxampla[3689:70b] Finished load of: file:///Users/japonte/Library/Application%20Support/iPhone%20Simulator/7.1/Applications/1CA31A61-A6CA-4A50-997D-53D3336E0370/CI_Panxampla.app/www/index.html
2014-05-08 19:58:06.916 CI_Panxampla[4005:70b] Multi-tasking -> Device: YES, App: YES
2014-05-08 19:58:06.922 CI_Panxampla[4005:70b] Unlimited access to network resources
2014-05-08 19:58:06.971 CI_Panxampla[4005:70b] Resetting plugins due to page load.
2014-05-08 19:58:07.105 CI_Panxampla[4005:70b] Finished load of: file:///Users/japonte/Library/Application%20Support/iPhone%20Simulator/7.1/Applications/1CA31A61-A6CA-4A50-997D-53D3336E0370/CI_Panxampla.app/www/index.html
2014-05-08 20:01:55.459 CI_Panxampla[4479:70b] Multi-tasking -> Device: YES, App: YES
2014-05-08 20:01:55.466 CI_Panxampla[4479:70b] Unlimited access to network resources
2014-05-08 20:01:55.513 CI_Panxampla[4479:70b] Resetting plugins due to page load.
2014-05-08 20:01:55.651 CI_Panxampla[4479:70b] Finished load of: file:///Users/japonte/Library/Application%20Support/iPhone%20Simulator/7.1/Applications/1CA31A61-A6CA-4A50-997D-53D3336E0370/CI_Panxampla.app/www/index.html
Terminating in response to SpringBoard's termination.
2014-05-08 20:02:19.364 CI_Panxampla[4794:70b] Multi-tasking -> Device: YES, App: YES
2014-05-08 20:02:19.374 CI_Panxampla[4794:70b] Unlimited access to network resources
2014-05-08 20:02:19.502 CI_Panxampla[4794:70b] Resetting plugins due to page load.
2014-05-08 20:02:19.842 CI_Panxampla[4794:70b] Finished load of: file:///Users/japonte/Library/Application%20Support/iPhone%20Simulator/7.1/Applications/1CA31A61-A6CA-4A50-997D-53D3336E0370/CI_Panxampla.app/www/index.html
2014-05-08 20:06:46.922 CI_Panxampla[5102:70b] Multi-tasking -> Device: YES, App: YES
2014-05-08 20:06:46.928 CI_Panxampla[5102:70b] Unlimited access to network resources
2014-05-08 20:06:46.979 CI_Panxampla[5102:70b] Resetting plugins due to page load.
2014-05-08 20:06:47.113 CI_Panxampla[5102:70b] Finished load of: file:///Users/japonte/Library/Application%20Support/iPhone%20Simulator/7.1/Applications/1CA31A61-A6CA-4A50-997D-53D3336E0370/CI_Panxampla.app/www/index.html
2014-05-08 20:07:41.512 CI_Panxampla[5428:70b] Multi-tasking -> Device: YES, App: YES
2014-05-08 20:07:41.521 CI_Panxampla[5428:70b] Unlimited access to network resources
2014-05-08 20:07:41.675 CI_Panxampla[5428:70b] Resetting plugins due to page load.
2014-05-08 20:07:41.894 CI_Panxampla[5428:70b] Finished load of: file:///Users/japonte/Library/Application%20Support/iPhone%20Simulator/7.1/Applications/1CA31A61-A6CA-4A50-997D-53D3336E0370/CI_Panxampla.app/www/index.html
2014-05-08 20:08:35.946 CI_Panxampla[5753:70b] Multi-tasking -> Device: YES, App: YES
2014-05-08 20:08:35.956 CI_Panxampla[5753:70b] Unlimited access to network resources
2014-05-08 20:08:36.090 CI_Panxampla[5753:70b] Resetting plugins due to page load.
2014-05-08 20:08:36.310 CI_Panxampla[5753:70b] Finished load of: file:///Users/japonte/Library/Application%20Support/iPhone%20Simulator/7.1/Applications/1CA31A61-A6CA-4A50-997D-53D3336E0370/CI_Panxampla.app/www/index.html
2014-05-08 20:11:17.477 CI_Panxampla[6086:70b] Multi-tasking -> Device: YES, App: YES
2014-05-08 20:11:17.486 CI_Panxampla[6086:70b] Unlimited access to network resources
2014-05-08 20:11:17.650 CI_Panxampla[6086:70b] Resetting plugins due to page load.
2014-05-08 20:11:17.882 CI_Panxampla[6086:70b] Finished load of: file:///Users/japonte/Library/Application%20Support/iPhone%20Simulator/7.1/Applications/1CA31A61-A6CA-4A50-997D-53D3336E0370/CI_Panxampla.app/www/index.html
2014-05-08 20:12:35.398 CI_Panxampla[6695:70b] Multi-tasking -> Device: YES, App: YES
2014-05-08 20:12:35.405 CI_Panxampla[6695:70b] Unlimited access to network resources
2014-05-08 20:12:35.453 CI_Panxampla[6695:70b] Resetting plugins due to page load.
2014-05-08 20:12:35.579 CI_Panxampla[6695:70b] Finished load of: file:///Users/japonte/Library/Application%20Support/iPhone%20Simulator/7.1/Applications/1CA31A61-A6CA-4A50-997D-53D3336E0370/CI_Panxampla.app/www/index.html
2014-05-08 20:12:53.752 CI_Panxampla[7010:70b] Multi-tasking -> Device: YES, App: YES
2014-05-08 20:12:53.761 CI_Panxampla[7010:70b] Unlimited access to network resources
2014-05-08 20:12:53.888 CI_Panxampla[7010:70b] Resetting plugins due to page load.
2014-05-08 20:12:54.205 CI_Panxampla[7010:70b] Finished load of: file:///Users/japonte/Library/Application%20Support/iPhone%20Simulator/7.1/Applications/1CA31A61-A6CA-4A50-997D-53D3336E0370/CI_Panxampla.app/www/index.html
2014-05-08 20:16:46.188 CI_Panxampla[7340:70b] Multi-tasking -> Device: YES, App: YES
2014-05-08 20:16:46.197 CI_Panxampla[7340:70b] Unlimited access to network resources
2014-05-08 20:16:46.333 CI_Panxampla[7340:70b] Resetting plugins due to page load.
2014-05-08 20:16:46.528 CI_Panxampla[7340:70b] Finished load of: file:///Users/japonte/Library/Application%20Support/iPhone%20Simulator/7.1/Applications/1CA31A61-A6CA-4A50-997D-53D3336E0370/CI_Panxampla.app/www/index.html
2014-05-08 20:17:32.857 CI_Panxampla[7661:70b] Multi-tasking -> Device: YES, App: YES
2014-05-08 20:17:32.866 CI_Panxampla[7661:70b] Unlimited access to network resources
2014-05-08 20:17:33.005 CI_Panxampla[7661:70b] Resetting plugins due to page load.
2014-05-08 20:17:33.215 CI_Panxampla[7661:70b] Finished load of: file:///Users/japonte/Library/Application%20Support/iPhone%20Simulator/7.1/Applications/1CA31A61-A6CA-4A50-997D-53D3336E0370/CI_Panxampla.app/www/index.html
2014-05-08 20:17:53.313 CI_Panxampla[7954:70b] Multi-tasking -> Device: YES, App: YES
2014-05-08 20:17:53.320 CI_Panxampla[7954:70b] Unlimited access to network resources
2014-05-08 20:17:53.368 CI_Panxampla[7954:70b] Resetting plugins due to page load.
2014-05-08 20:17:53.492 CI_Panxampla[7954:70b] Finished load of: file:///Users/japonte/Library/Application%20Support/iPhone%20Simulator/7.1/Applications/1CA31A61-A6CA-4A50-997D-53D3336E0370/CI_Panxampla.app/www/index.html
2014-05-08 20:18:07.428 CI_Panxampla[8267:70b] Multi-tasking -> Device: YES, App: YES
2014-05-08 20:18:07.437 CI_Panxampla[8267:70b] Unlimited access to network resources
2014-05-08 20:18:07.573 CI_Panxampla[8267:70b] Resetting plugins due to page load.
2014-05-08 20:18:07.846 CI_Panxampla[8267:70b] Finished load of: file:///Users/japonte/Library/Application%20Support/iPhone%20Simulator/7.1/Applications/1CA31A61-A6CA-4A50-997D-53D3336E0370/CI_Panxampla.app/www/index.html
2014-05-08 20:20:21.002 CI_Panxampla[8596:70b] Multi-tasking -> Device: YES, App: YES
2014-05-08 20:20:21.011 CI_Panxampla[8596:70b] Unlimited access to network resources
2014-05-08 20:20:21.143 CI_Panxampla[8596:70b] Resetting plugins due to page load.
2014-05-08 20:20:21.346 CI_Panxampla[8596:70b] Finished load of: file:///Users/japonte/Library/Application%20Support/iPhone%20Simulator/7.1/Applications/1CA31A61-A6CA-4A50-997D-53D3336E0370/CI_Panxampla.app/www/index.html
Terminating in response to SpringBoard's termination.
2014-05-13 00:59:25.709 CI_Panxampla[8419:70b] Multi-tasking -> Device: YES, App: YES
2014-05-13 00:59:25.744 CI_Panxampla[8419:70b] Unlimited access to network resources
2014-05-13 00:59:26.147 CI_Panxampla[8419:70b] Resetting plugins due to page load.
2014-05-13 00:59:26.467 CI_Panxampla[8419:70b] Finished load of: file:///Users/japonte/Library/Application%20Support/iPhone%20Simulator/7.1/Applications/1CA31A61-A6CA-4A50-997D-53D3336E0370/CI_Panxampla.app/www/index.html
2014-05-14 10:34:55.167 CI_Panxampla[19378:70b] Multi-tasking -> Device: YES, App: YES
2014-05-14 10:34:55.199 CI_Panxampla[19378:70b] Unlimited access to network resources
2014-05-14 10:34:55.389 CI_Panxampla[19378:70b] [CDVTimer][statusbar] 50.862014ms
2014-05-14 10:34:55.390 CI_Panxampla[19378:70b] [CDVTimer][TotalPluginStartup] 51.424980ms
2014-05-14 10:34:55.570 CI_Panxampla[19378:70b] Resetting plugins due to page load.
2014-05-14 10:34:55.897 CI_Panxampla[19378:70b] Finished load of: file:///Users/japonte/Library/Application%20Support/iPhone%20Simulator/7.1/Applications/1CA31A61-A6CA-4A50-997D-53D3336E0370/CI_Panxampla.app/www/index.html
Terminating in response to SpringBoard's termination.
2014-05-18 23:38:39.904 CI_Panxampla[10159:70b] Multi-tasking -> Device: YES, App: YES
2014-05-18 23:38:39.925 CI_Panxampla[10159:70b] Unlimited access to network resources
2014-05-18 23:38:40.019 CI_Panxampla[10159:70b] [CDVTimer][statusbar] 12.949944ms
2014-05-18 23:38:40.033 CI_Panxampla[10159:70b] [CDVTimer][splashscreen] 9.245038ms
2014-05-18 23:38:40.033 CI_Panxampla[10159:70b] [CDVTimer][TotalPluginStartup] 27.222991ms
2014-05-18 23:38:40.307 CI_Panxampla[10159:70b] Resetting plugins due to page load.
2014-05-18 23:38:40.614 CI_Panxampla[10159:70b] Finished load of: file:///Users/japonte/Library/Application%20Support/iPhone%20Simulator/7.1/Applications/1CA31A61-A6CA-4A50-997D-53D3336E0370/CI_Panxampla.app/www/index.html
2014-05-18 23:38:40.700 CI_Panxampla[10159:70b] THREAD WARNING: ['Notification'] took '41.942871' ms. Plugin should use a background thread.
Terminating in response to SpringBoard's termination.
2014-05-19 00:14:28.110 CI_Panxampla[10654:70b] Multi-tasking -> Device: YES, App: YES
2014-05-19 00:14:28.120 CI_Panxampla[10654:70b] Unlimited access to network resources
2014-05-19 00:14:28.235 CI_Panxampla[10654:70b] [CDVTimer][statusbar] 10.579050ms
2014-05-19 00:14:28.240 CI_Panxampla[10654:70b] [CDVTimer][splashscreen] 4.302025ms
2014-05-19 00:14:28.241 CI_Panxampla[10654:70b] [CDVTimer][TotalPluginStartup] 16.256988ms
2014-05-19 00:14:28.482 CI_Panxampla[10654:70b] Resetting plugins due to page load.
2014-05-19 00:14:28.716 CI_Panxampla[10654:70b] Finished load of: file:///Users/japonte/Library/Application%20Support/iPhone%20Simulator/7.1/Applications/1CA31A61-A6CA-4A50-997D-53D3336E0370/CI_Panxampla.app/www/index.html
2014-05-19 00:15:11.589 CI_Panxampla[10961:70b] Multi-tasking -> Device: YES, App: YES
2014-05-19 00:15:11.596 CI_Panxampla[10961:70b] Unlimited access to network resources
2014-05-19 00:15:11.618 CI_Panxampla[10961:70b] [CDVTimer][statusbar] 7.117987ms
2014-05-19 00:15:11.620 CI_Panxampla[10961:70b] [CDVTimer][splashscreen] 2.193987ms
2014-05-19 00:15:11.621 CI_Panxampla[10961:70b] [CDVTimer][TotalPluginStartup] 10.069013ms
2014-05-19 00:15:11.663 CI_Panxampla[10961:70b] Resetting plugins due to page load.
2014-05-19 00:15:11.798 CI_Panxampla[10961:70b] Finished load of: file:///Users/japonte/Library/Application%20Support/iPhone%20Simulator/7.1/Applications/1CA31A61-A6CA-4A50-997D-53D3336E0370/CI_Panxampla.app/www/index.html
Terminating in response to SpringBoard's termination.
2014-05-19 00:16:04.303 CI_Panxampla[11294:70b] Multi-tasking -> Device: YES, App: YES
2014-05-19 00:16:04.312 CI_Panxampla[11294:70b] Unlimited access to network resources
2014-05-19 00:16:04.341 CI_Panxampla[11294:70b] [CDVTimer][statusbar] 8.533001ms
2014-05-19 00:16:04.345 CI_Panxampla[11294:70b] [CDVTimer][splashscreen] 3.368974ms
2014-05-19 00:16:04.345 CI_Panxampla[11294:70b] [CDVTimer][TotalPluginStartup] 12.906969ms
2014-05-19 00:16:04.528 CI_Panxampla[11294:70b] Resetting plugins due to page load.
2014-05-19 00:16:04.802 CI_Panxampla[11294:70b] Finished load of: file:///Users/japonte/Library/Application%20Support/iPhone%20Simulator/7.1/Applications/1CA31A61-A6CA-4A50-997D-53D3336E0370/CI_Panxampla.app/www/index.html
2014-05-19 00:19:01.508 CI_Panxampla[11636:70b] Multi-tasking -> Device: YES, App: YES
2014-05-19 00:19:01.518 CI_Panxampla[11636:70b] Unlimited access to network resources
2014-05-19 00:19:01.549 CI_Panxampla[11636:70b] [CDVTimer][statusbar] 10.013998ms
2014-05-19 00:19:01.554 CI_Panxampla[11636:70b] [CDVTimer][splashscreen] 3.404975ms
2014-05-19 00:19:01.554 CI_Panxampla[11636:70b] [CDVTimer][TotalPluginStartup] 15.453041ms
2014-05-19 00:19:01.709 CI_Panxampla[11636:70b] Resetting plugins due to page load.
2014-05-19 00:19:01.992 CI_Panxampla[11636:70b] Finished load of: file:///Users/japonte/Library/Application%20Support/iPhone%20Simulator/7.1/Applications/1CA31A61-A6CA-4A50-997D-53D3336E0370/CI_Panxampla.app/www/index.html
2014-05-19 00:19:58.983 CI_Panxampla[11972:70b] Multi-tasking -> Device: YES, App: YES
2014-05-19 00:19:58.992 CI_Panxampla[11972:70b] Unlimited access to network resources
2014-05-19 00:19:59.025 CI_Panxampla[11972:70b] [CDVTimer][statusbar] 8.997023ms
2014-05-19 00:19:59.029 CI_Panxampla[11972:70b] [CDVTimer][splashscreen] 3.430963ms
2014-05-19 00:19:59.030 CI_Panxampla[11972:70b] [CDVTimer][TotalPluginStartup] 14.944017ms
2014-05-19 00:19:59.229 CI_Panxampla[11972:70b] Resetting plugins due to page load.
2014-05-19 00:19:59.475 CI_Panxampla[11972:70b] Finished load of: file:///Users/japonte/Library/Application%20Support/iPhone%20Simulator/7.1/Applications/1CA31A61-A6CA-4A50-997D-53D3336E0370/CI_Panxampla.app/www/index.html
2014-05-19 00:21:16.612 CI_Panxampla[12307:70b] Multi-tasking -> Device: YES, App: YES
2014-05-19 00:21:16.622 CI_Panxampla[12307:70b] Unlimited access to network resources
2014-05-19 00:21:16.661 CI_Panxampla[12307:70b] [CDVTimer][statusbar] 19.025028ms
2014-05-19 00:21:16.665 CI_Panxampla[12307:70b] [CDVTimer][splashscreen] 3.404021ms
2014-05-19 00:21:16.666 CI_Panxampla[12307:70b] [CDVTimer][TotalPluginStartup] 23.456991ms
2014-05-19 00:21:16.879 CI_Panxampla[12307:70b] Resetting plugins due to page load.
2014-05-19 00:21:17.094 CI_Panxampla[12307:70b] Finished load of: file:///Users/japonte/Library/Application%20Support/iPhone%20Simulator/7.1/Applications/1CA31A61-A6CA-4A50-997D-53D3336E0370/CI_Panxampla.app/www/index.html
2014-05-19 00:22:36.783 CI_Panxampla[12641:70b] Multi-tasking -> Device: YES, App: YES
2014-05-19 00:22:36.794 CI_Panxampla[12641:70b] Unlimited access to network resources
2014-05-19 00:22:36.833 CI_Panxampla[12641:70b] [CDVTimer][statusbar] 19.080997ms
2014-05-19 00:22:36.837 CI_Panxampla[12641:70b] [CDVTimer][splashscreen] 3.570974ms
2014-05-19 00:22:36.838 CI_Panxampla[12641:70b] [CDVTimer][TotalPluginStartup] 23.688018ms
2014-05-19 00:22:37.016 CI_Panxampla[12641:70b] Resetting plugins due to page load.
2014-05-19 00:22:37.240 CI_Panxampla[12641:70b] Finished load of: file:///Users/japonte/Library/Application%20Support/iPhone%20Simulator/7.1/Applications/1CA31A61-A6CA-4A50-997D-53D3336E0370/CI_Panxampla.app/www/index.html
2014-05-19 06:31:23.785 CI_Panxampla[1229:70b] Multi-tasking -> Device: YES, App: YES
2014-05-19 06:31:23.811 CI_Panxampla[1229:70b] Unlimited access to network resources
2014-05-19 06:31:24.003 CI_Panxampla[1229:70b] [CDVTimer][statusbar] 54.351032ms
2014-05-19 06:31:24.013 CI_Panxampla[1229:70b] [CDVTimer][splashscreen] 8.355975ms
2014-05-19 06:31:24.013 CI_Panxampla[1229:70b] [CDVTimer][TotalPluginStartup] 64.607024ms
2014-05-19 06:31:24.191 CI_Panxampla[1229:70b] Resetting plugins due to page load.
2014-05-19 06:31:24.549 CI_Panxampla[1229:70b] Finished load of: file:///Users/japonte/Library/Application%20Support/iPhone%20Simulator/7.1/Applications/1CA31A61-A6CA-4A50-997D-53D3336E0370/CI_Panxampla.app/www/index.html
2014-05-19 06:31:27.309 CI_Panxampla[1229:70b] CDVWebViewDelegate: Navigation started when state=1
2014-05-19 06:31:27.309 CI_Panxampla[1229:70b] Failed to load webpage with error: CDVWebViewDelegate: Navigation started when state=1
2014-05-19 06:31:27.310 CI_Panxampla[1229:70b] Resetting plugins due to page load.
2014-05-19 06:31:27.375 CI_Panxampla[1229:70b] Finished load of: file:///Users/japonte/Library/Application%20Support/iPhone%20Simulator/7.1/Applications/1CA31A61-A6CA-4A50-997D-53D3336E0370/CI_Panxampla.app/www/agenda.html
Terminating in response to SpringBoard's termination.
2014-05-19 06:33:53.116 CI_Panxampla[1566:70b] Multi-tasking -> Device: YES, App: YES
2014-05-19 06:33:53.125 CI_Panxampla[1566:70b] Unlimited access to network resources
2014-05-19 06:33:53.163 CI_Panxampla[1566:70b] [CDVTimer][statusbar] 18.537998ms
2014-05-19 06:33:53.167 CI_Panxampla[1566:70b] [CDVTimer][splashscreen] 3.306985ms
2014-05-19 06:33:53.167 CI_Panxampla[1566:70b] [CDVTimer][TotalPluginStartup] 22.800028ms
2014-05-19 06:33:53.444 CI_Panxampla[1566:70b] Resetting plugins due to page load.
2014-05-19 06:33:53.677 CI_Panxampla[1566:70b] Finished load of: file:///Users/japonte/Library/Application%20Support/iPhone%20Simulator/7.1/Applications/1CA31A61-A6CA-4A50-997D-53D3336E0370/CI_Panxampla.app/www/index.html
2014-05-19 06:33:56.138 CI_Panxampla[1566:70b] CDVWebViewDelegate: Navigation started when state=1
2014-05-19 06:33:56.139 CI_Panxampla[1566:70b] Failed to load webpage with error: CDVWebViewDelegate: Navigation started when state=1
2014-05-19 06:33:56.140 CI_Panxampla[1566:70b] Resetting plugins due to page load.
2014-05-19 06:33:56.207 CI_Panxampla[1566:70b] Finished load of: file:///Users/japonte/Library/Application%20Support/iPhone%20Simulator/7.1/Applications/1CA31A61-A6CA-4A50-997D-53D3336E0370/CI_Panxampla.app/www/agenda.html
2014-05-19 06:33:58.080 CI_Panxampla[1566:70b] CDVWebViewDelegate: Navigation started when state=1
2014-05-19 06:33:58.081 CI_Panxampla[1566:70b] Failed to load webpage with error: CDVWebViewDelegate: Navigation started when state=1
2014-05-19 06:33:58.082 CI_Panxampla[1566:70b] Resetting plugins due to page load.
2014-05-19 06:33:58.132 CI_Panxampla[1566:70b] Finished load of: file:///Users/japonte/Library/Application%20Support/iPhone%20Simulator/7.1/Applications/1CA31A61-A6CA-4A50-997D-53D3336E0370/CI_Panxampla.app/www/index.html
2014-05-19 06:34:00.152 CI_Panxampla[1566:70b] CDVWebViewDelegate: Navigation started when state=1
2014-05-19 06:34:00.152 CI_Panxampla[1566:70b] Failed to load webpage with error: CDVWebViewDelegate: Navigation started when state=1
2014-05-19 06:34:00.154 CI_Panxampla[1566:70b] Resetting plugins due to page load.
2014-05-19 06:34:00.202 CI_Panxampla[1566:70b] Finished load of: file:///Users/japonte/Library/Application%20Support/iPhone%20Simulator/7.1/Applications/1CA31A61-A6CA-4A50-997D-53D3336E0370/CI_Panxampla.app/www/agenda.html
2014-05-19 06:34:06.427 CI_Panxampla[1566:70b] CDVWebViewDelegate: Navigation started when state=1
2014-05-19 06:34:06.428 CI_Panxampla[1566:70b] Failed to load webpage with error: CDVWebViewDelegate: Navigation started when state=1
2014-05-19 06:34:06.429 CI_Panxampla[1566:70b] Resetting plugins due to page load.
2014-05-19 06:34:06.478 CI_Panxampla[1566:70b] Finished load of: file:///Users/japonte/Library/Application%20Support/iPhone%20Simulator/7.1/Applications/1CA31A61-A6CA-4A50-997D-53D3336E0370/CI_Panxampla.app/www/index.html
2014-05-19 06:34:08.532 CI_Panxampla[1566:70b] CDVWebViewDelegate: Navigation started when state=1
2014-05-19 06:34:08.533 CI_Panxampla[1566:70b] Failed to load webpage with error: CDVWebViewDelegate: Navigation started when state=1
2014-05-19 06:34:08.534 CI_Panxampla[1566:70b] Resetting plugins due to page load.
2014-05-19 06:34:08.582 CI_Panxampla[1566:70b] Finished load of: file:///Users/japonte/Library/Application%20Support/iPhone%20Simulator/7.1/Applications/1CA31A61-A6CA-4A50-997D-53D3336E0370/CI_Panxampla.app/www/agenda.html
2014-05-19 06:34:17.087 CI_Panxampla[1566:70b] CDVWebViewDelegate: Navigation started when state=1
2014-05-19 06:34:17.088 CI_Panxampla[1566:70b] Failed to load webpage with error: CDVWebViewDelegate: Navigation started when state=1
2014-05-19 06:34:17.089 CI_Panxampla[1566:70b] Resetting plugins due to page load.
2014-05-19 06:34:17.149 CI_Panxampla[1566:70b] Finished load of: file:///Users/japonte/Library/Application%20Support/iPhone%20Simulator/7.1/Applications/1CA31A61-A6CA-4A50-997D-53D3336E0370/CI_Panxampla.app/www/index.html
2014-05-19 06:34:19.724 CI_Panxampla[1566:70b] CDVWebViewDelegate: Navigation started when state=1
2014-05-19 06:34:19.724 CI_Panxampla[1566:70b] Failed to load webpage with error: CDVWebViewDelegate: Navigation started when state=1
2014-05-19 06:34:19.726 CI_Panxampla[1566:70b] Resetting plugins due to page load.
2014-05-19 06:34:19.773 CI_Panxampla[1566:70b] Finished load of: file:///Users/japonte/Library/Application%20Support/iPhone%20Simulator/7.1/Applications/1CA31A61-A6CA-4A50-997D-53D3336E0370/CI_Panxampla.app/www/agenda.html
2014-05-19 06:34:23.035 CI_Panxampla[1566:70b] CDVWebViewDelegate: Navigation started when state=1
2014-05-19 06:34:23.035 CI_Panxampla[1566:70b] Failed to load webpage with error: CDVWebViewDelegate: Navigation started when state=1
2014-05-19 06:34:23.036 CI_Panxampla[1566:70b] Resetting plugins due to page load.
2014-05-19 06:34:23.085 CI_Panxampla[1566:70b] Finished load of: file:///Users/japonte/Library/Application%20Support/iPhone%20Simulator/7.1/Applications/1CA31A61-A6CA-4A50-997D-53D3336E0370/CI_Panxampla.app/www/index.html
2014-05-19 06:34:39.651 CI_Panxampla[1566:70b] CDVWebViewDelegate: Navigation started when state=1
2014-05-19 06:34:39.651 CI_Panxampla[1566:70b] Failed to load webpage with error: CDVWebViewDelegate: Navigation started when state=1
2014-05-19 06:34:39.652 CI_Panxampla[1566:70b] Resetting plugins due to page load.
2014-05-19 06:34:39.701 CI_Panxampla[1566:70b] Finished load of: file:///Users/japonte/Library/Application%20Support/iPhone%20Simulator/7.1/Applications/1CA31A61-A6CA-4A50-997D-53D3336E0370/CI_Panxampla.app/www/agenda.html
2014-05-19 06:34:47.087 CI_Panxampla[1566:70b] CDVWebViewDelegate: Navigation started when state=1
2014-05-19 06:34:47.087 CI_Panxampla[1566:70b] Failed to load webpage with error: CDVWebViewDelegate: Navigation started when state=1
2014-05-19 06:34:47.088 CI_Panxampla[1566:70b] Resetting plugins due to page load.
2014-05-19 06:34:47.138 CI_Panxampla[1566:70b] Finished load of: file:///Users/japonte/Library/Application%20Support/iPhone%20Simulator/7.1/Applications/1CA31A61-A6CA-4A50-997D-53D3336E0370/CI_Panxampla.app/www/index.html
2014-05-19 06:35:10.270 CI_Panxampla[1566:70b] Received memory warning.
2014-05-19 07:18:54.126 CI_Panxampla[2197:70b] Multi-tasking -> Device: YES, App: YES
2014-05-19 07:18:54.143 CI_Panxampla[2197:70b] Unlimited access to network resources
2014-05-19 07:18:54.172 CI_Panxampla[2197:70b] [CDVTimer][statusbar] 8.594990ms
2014-05-19 07:18:54.175 CI_Panxampla[2197:70b] [CDVTimer][splashscreen] 3.398001ms
2014-05-19 07:18:54.176 CI_Panxampla[2197:70b] [CDVTimer][TotalPluginStartup] 12.652993ms
2014-05-19 07:18:54.382 CI_Panxampla[2197:70b] Resetting plugins due to page load.
2014-05-19 07:18:54.624 CI_Panxampla[2197:70b] Finished load of: file:///Users/japonte/Library/Application%20Support/iPhone%20Simulator/7.1/Applications/1CA31A61-A6CA-4A50-997D-53D3336E0370/CI_Panxampla.app/www/index.html
2014-05-19 07:19:09.475 CI_Panxampla[2197:70b] CDVWebViewDelegate: Navigation started when state=1
2014-05-19 07:19:09.475 CI_Panxampla[2197:70b] Failed to load webpage with error: CDVWebViewDelegate: Navigation started when state=1
2014-05-19 07:19:09.476 CI_Panxampla[2197:70b] Resetting plugins due to page load.
2014-05-19 07:19:09.525 CI_Panxampla[2197:70b] Finished load of: file:///Users/japonte/Library/Application%20Support/iPhone%20Simulator/7.1/Applications/1CA31A61-A6CA-4A50-997D-53D3336E0370/CI_Panxampla.app/www/agenda.html
2014-05-19 07:19:11.517 CI_Panxampla[2197:70b] CDVWebViewDelegate: Navigation started when state=1
2014-05-19 07:19:11.517 CI_Panxampla[2197:70b] Failed to load webpage with error: CDVWebViewDelegate: Navigation started when state=1
2014-05-19 07:19:11.518 CI_Panxampla[2197:70b] Resetting plugins due to page load.
2014-05-19 07:19:11.564 CI_Panxampla[2197:70b] Finished load of: file:///Users/japonte/Library/Application%20Support/iPhone%20Simulator/7.1/Applications/1CA31A61-A6CA-4A50-997D-53D3336E0370/CI_Panxampla.app/www/index.html
2014-05-19 07:21:20.262 CI_Panxampla[2540:70b] Multi-tasking -> Device: YES, App: YES
2014-05-19 07:21:20.271 CI_Panxampla[2540:70b] Unlimited access to network resources
2014-05-19 07:21:20.300 CI_Panxampla[2540:70b] [CDVTimer][statusbar] 8.662999ms
2014-05-19 07:21:20.304 CI_Panxampla[2540:70b] [CDVTimer][splashscreen] 3.389001ms
2014-05-19 07:21:20.304 CI_Panxampla[2540:70b] [CDVTimer][TotalPluginStartup] 13.067007ms
2014-05-19 07:21:20.557 CI_Panxampla[2540:70b] Resetting plugins due to page load.
2014-05-19 07:21:20.792 CI_Panxampla[2540:70b] Finished load of: file:///Users/japonte/Library/Application%20Support/iPhone%20Simulator/7.1/Applications/1CA31A61-A6CA-4A50-997D-53D3336E0370/CI_Panxampla.app/www/index.html
2014-05-19 07:21:37.998 CI_Panxampla[2540:70b] CDVWebViewDelegate: Navigation started when state=1
2014-05-19 07:21:37.999 CI_Panxampla[2540:70b] Failed to load webpage with error: CDVWebViewDelegate: Navigation started when state=1
2014-05-19 07:21:38.000 CI_Panxampla[2540:70b] Resetting plugins due to page load.
2014-05-19 07:21:38.049 CI_Panxampla[2540:70b] Finished load of: file:///Users/japonte/Library/Application%20Support/iPhone%20Simulator/7.1/Applications/1CA31A61-A6CA-4A50-997D-53D3336E0370/CI_Panxampla.app/www/agenda.html
2014-05-19 07:21:54.668 CI_Panxampla[2540:70b] CDVWebViewDelegate: Navigation started when state=1
2014-05-19 07:21:54.669 CI_Panxampla[2540:70b] Failed to load webpage with error: CDVWebViewDelegate: Navigation started when state=1
2014-05-19 07:21:54.670 CI_Panxampla[2540:70b] Resetting plugins due to page load.
2014-05-19 07:21:54.722 CI_Panxampla[2540:70b] Finished load of: file:///Users/japonte/Library/Application%20Support/iPhone%20Simulator/7.1/Applications/1CA31A61-A6CA-4A50-997D-53D3336E0370/CI_Panxampla.app/www/index.html
2014-05-21 22:25:34.314 CI_Panxampla[7532:70b] Multi-tasking -> Device: YES, App: YES
2014-05-21 22:25:34.361 CI_Panxampla[7532:70b] Unlimited access to network resources
2014-05-21 22:25:34.461 CI_Panxampla[7532:70b] [CDVTimer][statusbar] 52.016020ms
2014-05-21 22:25:34.470 CI_Panxampla[7532:70b] [CDVTimer][splashscreen] 8.448005ms
2014-05-21 22:25:34.470 CI_Panxampla[7532:70b] [CDVTimer][TotalPluginStartup] 61.466038ms
2014-05-21 22:25:34.626 CI_Panxampla[7532:70b] Resetting plugins due to page load.
2014-05-21 22:25:34.887 CI_Panxampla[7532:70b] Finished load of: file:///Users/japonte/Library/Application%20Support/iPhone%20Simulator/7.1/Applications/1CA31A61-A6CA-4A50-997D-53D3336E0370/CI_Panxampla.app/www/index.html
2014-05-21 22:25:42.088 CI_Panxampla[7532:70b] CDVWebViewDelegate: Navigation started when state=1
2014-05-21 22:25:42.089 CI_Panxampla[7532:70b] Failed to load webpage with error: CDVWebViewDelegate: Navigation started when state=1
2014-05-21 22:25:42.090 CI_Panxampla[7532:70b] Resetting plugins due to page load.
2014-05-21 22:25:42.148 CI_Panxampla[7532:70b] Finished load of: file:///Users/japonte/Library/Application%20Support/iPhone%20Simulator/7.1/Applications/1CA31A61-A6CA-4A50-997D-53D3336E0370/CI_Panxampla.app/www/agenda.html
2014-05-21 22:28:35.155 CI_Panxampla[7879:70b] Multi-tasking -> Device: YES, App: YES
2014-05-21 22:28:35.164 CI_Panxampla[7879:70b] Unlimited access to network resources
2014-05-21 22:28:35.193 CI_Panxampla[7879:70b] [CDVTimer][statusbar] 8.641005ms
2014-05-21 22:28:35.197 CI_Panxampla[7879:70b] [CDVTimer][splashscreen] 3.338993ms
2014-05-21 22:28:35.198 CI_Panxampla[7879:70b] [CDVTimer][TotalPluginStartup] 13.236046ms
2014-05-21 22:28:35.375 CI_Panxampla[7879:70b] Resetting plugins due to page load.
2014-05-21 22:28:35.602 CI_Panxampla[7879:70b] Finished load of: file:///Users/japonte/Library/Application%20Support/iPhone%20Simulator/7.1/Applications/1CA31A61-A6CA-4A50-997D-53D3336E0370/CI_Panxampla.app/www/index.html
2014-05-21 22:28:45.372 CI_Panxampla[7879:70b] CDVWebViewDelegate: Navigation started when state=1
2014-05-21 22:28:45.372 CI_Panxampla[7879:70b] Failed to load webpage with error: CDVWebViewDelegate: Navigation started when state=1
2014-05-21 22:28:45.373 CI_Panxampla[7879:70b] Resetting plugins due to page load.
2014-05-21 22:28:45.432 CI_Panxampla[7879:70b] Finished load of: file:///Users/japonte/Library/Application%20Support/iPhone%20Simulator/7.1/Applications/1CA31A61-A6CA-4A50-997D-53D3336E0370/CI_Panxampla.app/www/agenda.html
2014-05-21 22:29:09.605 CI_Panxampla[7879:70b] CDVWebViewDelegate: Navigation started when state=1
2014-05-21 22:29:09.606 CI_Panxampla[7879:70b] Failed to load webpage with error: CDVWebViewDelegate: Navigation started when state=1
2014-05-21 22:29:09.607 CI_Panxampla[7879:70b] Resetting plugins due to page load.
2014-05-21 22:29:09.661 CI_Panxampla[7879:70b] Finished load of: file:///Users/japonte/Library/Application%20Support/iPhone%20Simulator/7.1/Applications/1CA31A61-A6CA-4A50-997D-53D3336E0370/CI_Panxampla.app/www/index.html
2014-05-21 22:29:17.131 CI_Panxampla[7879:70b] Received memory warning.
2014-05-21 23:02:00.606 CI_Panxampla[8880:70b] Multi-tasking -> Device: YES, App: YES
2014-05-21 23:02:00.635 CI_Panxampla[8880:70b] Unlimited access to network resources
2014-05-21 23:02:00.685 CI_Panxampla[8880:70b] [CDVTimer][statusbar] 17.040014ms
2014-05-21 23:02:00.693 CI_Panxampla[8880:70b] [CDVTimer][splashscreen] 7.947028ms
2014-05-21 23:02:00.694 CI_Panxampla[8880:70b] [CDVTimer][TotalPluginStartup] 26.035011ms
2014-05-21 23:02:00.861 CI_Panxampla[8880:70b] Resetting plugins due to page load.
2014-05-21 23:02:01.087 CI_Panxampla[8880:70b] Finished load of: file:///Users/japonte/Library/Application%20Support/iPhone%20Simulator/7.1/Applications/1CA31A61-A6CA-4A50-997D-53D3336E0370/CI_Panxampla.app/www/index.html
2014-05-21 23:02:01.157 CI_Panxampla[8880:70b] ** Device Ready **
2014-05-21 23:02:07.092 CI_Panxampla[8880:70b] CDVWebViewDelegate: Navigation started when state=1
2014-05-21 23:02:07.093 CI_Panxampla[8880:70b] Failed to load webpage with error: CDVWebViewDelegate: Navigation started when state=1
2014-05-21 23:02:07.094 CI_Panxampla[8880:70b] Resetting plugins due to page load.
2014-05-21 23:02:07.152 CI_Panxampla[8880:70b] Finished load of: file:///Users/japonte/Library/Application%20Support/iPhone%20Simulator/7.1/Applications/1CA31A61-A6CA-4A50-997D-53D3336E0370/CI_Panxampla.app/www/agenda.html
2014-05-21 23:02:14.643 CI_Panxampla[8880:70b] CDVWebViewDelegate: Navigation started when state=1
2014-05-21 23:02:14.644 CI_Panxampla[8880:70b] Failed to load webpage with error: CDVWebViewDelegate: Navigation started when state=1
2014-05-21 23:02:14.645 CI_Panxampla[8880:70b] Resetting plugins due to page load.
2014-05-21 23:02:14.693 CI_Panxampla[8880:70b] Finished load of: file:///Users/japonte/Library/Application%20Support/iPhone%20Simulator/7.1/Applications/1CA31A61-A6CA-4A50-997D-53D3336E0370/CI_Panxampla.app/www/index.html
2014-05-21 23:02:14.718 CI_Panxampla[8880:70b] ** Device Ready **
Terminating in response to SpringBoard's termination.
2014-05-21 23:30:22.432 CI_Panxampla[9453:70b] Multi-tasking -> Device: YES, App: YES
2014-05-21 23:30:22.450 CI_Panxampla[9453:70b] Unlimited access to network resources
2014-05-21 23:30:22.585 CI_Panxampla[9453:70b] [CDVTimer][statusbar] 15.217960ms
2014-05-21 23:30:22.589 CI_Panxampla[9453:70b] [CDVTimer][splashscreen] 3.399968ms
2014-05-21 23:30:22.590 CI_Panxampla[9453:70b] [CDVTimer][TotalPluginStartup] 20.157039ms
2014-05-21 23:30:22.750 CI_Panxampla[9453:70b] Resetting plugins due to page load.
2014-05-21 23:30:23.049 CI_Panxampla[9453:70b] Finished load of: file:///Users/japonte/Library/Application%20Support/iPhone%20Simulator/7.1/Applications/1CA31A61-A6CA-4A50-997D-53D3336E0370/CI_Panxampla.app/www/index.html
2014-05-21 23:30:23.087 CI_Panxampla[9453:70b] ** Device Ready **
2014-05-21 23:30:26.182 CI_Panxampla[9453:70b] ** On pageshow of #galeria
Terminating in response to SpringBoard's termination.
2014-05-22 00:35:30.402 CI_Panxampla[10409:70b] Multi-tasking -> Device: YES, App: YES
2014-05-22 00:35:30.419 CI_Panxampla[10409:70b] Unlimited access to network resources
2014-05-22 00:35:30.595 CI_Panxampla[10409:70b] [CDVTimer][statusbar] 15.924990ms
2014-05-22 00:35:30.600 CI_Panxampla[10409:70b] [CDVTimer][splashscreen] 4.345953ms
2014-05-22 00:35:30.600 CI_Panxampla[10409:70b] [CDVTimer][TotalPluginStartup] 21.309972ms
2014-05-22 00:35:30.775 CI_Panxampla[10409:70b] Resetting plugins due to page load.
2014-05-22 00:35:31.043 CI_Panxampla[10409:70b] Finished load of: file:///Users/japonte/Library/Application%20Support/iPhone%20Simulator/7.1/Applications/1CA31A61-A6CA-4A50-997D-53D3336E0370/CI_Panxampla.app/www/index.html
2014-05-22 00:35:31.087 CI_Panxampla[10409:70b] ** Device Ready **
2014-05-22 00:35:34.507 CI_Panxampla[10409:70b] CDVWebViewDelegate: Navigation started when state=1
2014-05-22 00:35:34.507 CI_Panxampla[10409:70b] Failed to load webpage with error: CDVWebViewDelegate: Navigation started when state=1
2014-05-22 00:35:34.508 CI_Panxampla[10409:70b] Resetting plugins due to page load.
2014-05-22 00:35:34.669 CI_Panxampla[10409:70b] Finished load of: file:///Users/japonte/Library/Application%20Support/iPhone%20Simulator/7.1/Applications/1CA31A61-A6CA-4A50-997D-53D3336E0370/CI_Panxampla.app/www/galeria.html
2014-05-22 00:35:46.040 CI_Panxampla[10409:70b] CDVWebViewDelegate: Navigation started when state=1
2014-05-22 00:35:46.040 CI_Panxampla[10409:70b] Failed to load webpage with error: CDVWebViewDelegate: Navigation started when state=1
2014-05-22 00:35:46.042 CI_Panxampla[10409:70b] Resetting plugins due to page load.
2014-05-22 00:35:46.120 CI_Panxampla[10409:70b] Finished load of: file:///Users/japonte/Library/Application%20Support/iPhone%20Simulator/7.1/Applications/1CA31A61-A6CA-4A50-997D-53D3336E0370/CI_Panxampla.app/www/index.html
2014-05-22 00:35:46.121 CI_Panxampla[10409:70b] ** Device Ready **
2014-05-22 00:40:47.122 CI_Panxampla[10409:70b] CDVWebViewDelegate: Navigation started when state=1
2014-05-22 00:40:47.122 CI_Panxampla[10409:70b] Failed to load webpage with error: CDVWebViewDelegate: Navigation started when state=1
2014-05-22 00:40:47.123 CI_Panxampla[10409:70b] Resetting plugins due to page load.
2014-05-22 00:40:47.180 CI_Panxampla[10409:70b] Finished load of: file:///Users/japonte/Library/Application%20Support/iPhone%20Simulator/7.1/Applications/1CA31A61-A6CA-4A50-997D-53D3336E0370/CI_Panxampla.app/www/galeria.html
2014-05-22 00:41:01.645 CI_Panxampla[10409:70b] CDVWebViewDelegate: Navigation started when state=1
2014-05-22 00:41:01.645 CI_Panxampla[10409:70b] Failed to load webpage with error: CDVWebViewDelegate: Navigation started when state=1
2014-05-22 00:41:01.647 CI_Panxampla[10409:70b] Resetting plugins due to page load.
2014-05-22 00:41:01.715 CI_Panxampla[10409:70b] Finished load of: file:///Users/japonte/Library/Application%20Support/iPhone%20Simulator/7.1/Applications/1CA31A61-A6CA-4A50-997D-53D3336E0370/CI_Panxampla.app/www/index.html
2014-05-22 00:41:01.716 CI_Panxampla[10409:70b] ** Device Ready **
2014-05-22 00:47:59.792 CI_Panxampla[10869:70b] Multi-tasking -> Device: YES, App: YES
2014-05-22 00:47:59.801 CI_Panxampla[10869:70b] Unlimited access to network resources
2014-05-22 00:47:59.831 CI_Panxampla[10869:70b] [CDVTimer][statusbar] 8.431971ms
2014-05-22 00:47:59.835 CI_Panxampla[10869:70b] [CDVTimer][splashscreen] 3.381014ms
2014-05-22 00:47:59.835 CI_Panxampla[10869:70b] [CDVTimer][TotalPluginStartup] 12.919009ms
2014-05-22 00:48:00.092 CI_Panxampla[10869:70b] Resetting plugins due to page load.
2014-05-22 00:48:00.314 CI_Panxampla[10869:70b] Finished load of: file:///Users/japonte/Library/Application%20Support/iPhone%20Simulator/7.1/Applications/1CA31A61-A6CA-4A50-997D-53D3336E0370/CI_Panxampla.app/www/index.html
2014-05-22 00:48:00.356 CI_Panxampla[10869:70b] ** Device Ready **
2014-05-22 00:48:03.137 CI_Panxampla[10869:70b] CDVWebViewDelegate: Navigation started when state=1
2014-05-22 00:48:03.137 CI_Panxampla[10869:70b] Failed to load webpage with error: CDVWebViewDelegate: Navigation started when state=1
2014-05-22 00:48:03.138 CI_Panxampla[10869:70b] Resetting plugins due to page load.
2014-05-22 00:48:03.252 CI_Panxampla[10869:70b] Finished load of: file:///Users/japonte/Library/Application%20Support/iPhone%20Simulator/7.1/Applications/1CA31A61-A6CA-4A50-997D-53D3336E0370/CI_Panxampla.app/www/galeria.html
2014-05-22 00:48:05.938 CI_Panxampla[10869:70b] CDVWebViewDelegate: Navigation started when state=1
2014-05-22 00:48:05.938 CI_Panxampla[10869:70b] Failed to load webpage with error: CDVWebViewDelegate: Navigation started when state=1
2014-05-22 00:48:05.939 CI_Panxampla[10869:70b] Resetting plugins due to page load.
2014-05-22 00:48:05.981 CI_Panxampla[10869:70b] Finished load of: file:///Users/japonte/Library/Application%20Support/iPhone%20Simulator/7.1/Applications/1CA31A61-A6CA-4A50-997D-53D3336E0370/CI_Panxampla.app/www/index.html
2014-05-22 00:48:06.015 CI_Panxampla[10869:70b] ** Device Ready **
2014-05-22 00:48:08.853 CI_Panxampla[10869:70b] CDVWebViewDelegate: Navigation started when state=1
2014-05-22 00:48:08.854 CI_Panxampla[10869:70b] Failed to load webpage with error: CDVWebViewDelegate: Navigation started when state=1
2014-05-22 00:48:08.855 CI_Panxampla[10869:70b] Resetting plugins due to page load.
2014-05-22 00:48:08.909 CI_Panxampla[10869:70b] Finished load of: file:///Users/japonte/Library/Application%20Support/iPhone%20Simulator/7.1/Applications/1CA31A61-A6CA-4A50-997D-53D3336E0370/CI_Panxampla.app/www/agenda.html
2014-05-22 00:48:11.642 CI_Panxampla[10869:70b] CDVWebViewDelegate: Navigation started when state=1
2014-05-22 00:48:11.643 CI_Panxampla[10869:70b] Failed to load webpage with error: CDVWebViewDelegate: Navigation started when state=1
2014-05-22 00:48:11.644 CI_Panxampla[10869:70b] Resetting plugins due to page load.
2014-05-22 00:48:11.696 CI_Panxampla[10869:70b] Finished load of: file:///Users/japonte/Library/Application%20Support/iPhone%20Simulator/7.1/Applications/1CA31A61-A6CA-4A50-997D-53D3336E0370/CI_Panxampla.app/www/index.html
2014-05-22 00:48:11.714 CI_Panxampla[10869:70b] ** Device Ready **
2014-05-22 00:48:14.944 CI_Panxampla[10869:70b] CDVWebViewDelegate: Navigation started when state=1
2014-05-22 00:48:14.945 CI_Panxampla[10869:70b] Failed to load webpage with error: CDVWebViewDelegate: Navigation started when state=1
2014-05-22 00:48:14.946 CI_Panxampla[10869:70b] Resetting plugins due to page load.
2014-05-22 00:48:14.999 CI_Panxampla[10869:70b] Finished load of: file:///Users/japonte/Library/Application%20Support/iPhone%20Simulator/7.1/Applications/1CA31A61-A6CA-4A50-997D-53D3336E0370/CI_Panxampla.app/www/galeria.html
2014-05-22 00:48:25.610 CI_Panxampla[10869:70b] CDVWebViewDelegate: Navigation started when state=1
2014-05-22 00:48:25.610 CI_Panxampla[10869:70b] Failed to load webpage with error: CDVWebViewDelegate: Navigation started when state=1
2014-05-22 00:48:25.612 CI_Panxampla[10869:70b] Resetting plugins due to page load.
2014-05-22 00:48:25.686 CI_Panxampla[10869:70b] Finished load of: file:///Users/japonte/Library/Application%20Support/iPhone%20Simulator/7.1/Applications/1CA31A61-A6CA-4A50-997D-53D3336E0370/CI_Panxampla.app/www/index.html
2014-05-22 00:48:25.721 CI_Panxampla[10869:70b] ** Device Ready **
2014-05-22 00:50:10.940 CI_Panxampla[10869:70b] CDVWebViewDelegate: Navigation started when state=1
2014-05-22 00:50:10.940 CI_Panxampla[10869:70b] Failed to load webpage with error: CDVWebViewDelegate: Navigation started when state=1
2014-05-22 00:50:10.941 CI_Panxampla[10869:70b] Resetting plugins due to page load.
2014-05-22 00:50:10.995 CI_Panxampla[10869:70b] Finished load of: file:///Users/japonte/Library/Application%20Support/iPhone%20Simulator/7.1/Applications/1CA31A61-A6CA-4A50-997D-53D3336E0370/CI_Panxampla.app/www/agenda.html
2014-05-22 00:50:12.324 CI_Panxampla[10869:70b] CDVWebViewDelegate: Navigation started when state=1
2014-05-22 00:50:12.324 CI_Panxampla[10869:70b] Failed to load webpage with error: CDVWebViewDelegate: Navigation started when state=1
2014-05-22 00:50:12.325 CI_Panxampla[10869:70b] Resetting plugins due to page load.
2014-05-22 00:50:12.373 CI_Panxampla[10869:70b] Finished load of: file:///Users/japonte/Library/Application%20Support/iPhone%20Simulator/7.1/Applications/1CA31A61-A6CA-4A50-997D-53D3336E0370/CI_Panxampla.app/www/index.html
2014-05-22 00:50:12.397 CI_Panxampla[10869:70b] ** Device Ready **
2014-05-22 00:50:13.927 CI_Panxampla[10869:70b] CDVWebViewDelegate: Navigation started when state=1
2014-05-22 00:50:13.927 CI_Panxampla[10869:70b] Failed to load webpage with error: CDVWebViewDelegate: Navigation started when state=1
2014-05-22 00:50:13.928 CI_Panxampla[10869:70b] Resetting plugins due to page load.
2014-05-22 00:50:13.979 CI_Panxampla[10869:70b] Finished load of: file:///Users/japonte/Library/Application%20Support/iPhone%20Simulator/7.1/Applications/1CA31A61-A6CA-4A50-997D-53D3336E0370/CI_Panxampla.app/www/galeria.html
2014-05-22 00:50:17.750 CI_Panxampla[10869:70b] CDVWebViewDelegate: Navigation started when state=1
2014-05-22 00:50:17.751 CI_Panxampla[10869:70b] Failed to load webpage with error: CDVWebViewDelegate: Navigation started when state=1
2014-05-22 00:50:17.751 CI_Panxampla[10869:70b] Resetting plugins due to page load.
2014-05-22 00:50:17.798 CI_Panxampla[10869:70b] Finished load of: file:///Users/japonte/Library/Application%20Support/iPhone%20Simulator/7.1/Applications/1CA31A61-A6CA-4A50-997D-53D3336E0370/CI_Panxampla.app/www/index.html
2014-05-22 00:50:17.820 CI_Panxampla[10869:70b] ** Device Ready **
2014-05-22 00:58:34.311 CI_Panxampla[11329:70b] Multi-tasking -> Device: YES, App: YES
2014-05-22 00:58:34.321 CI_Panxampla[11329:70b] Unlimited access to network resources
2014-05-22 00:58:34.352 CI_Panxampla[11329:70b] [CDVTimer][statusbar] 8.638024ms
2014-05-22 00:58:34.356 CI_Panxampla[11329:70b] [CDVTimer][splashscreen] 3.427982ms
2014-05-22 00:58:34.357 CI_Panxampla[11329:70b] [CDVTimer][TotalPluginStartup] 13.018012ms
2014-05-22 00:58:34.512 CI_Panxampla[11329:70b] Resetting plugins due to page load.
2014-05-22 00:58:34.764 CI_Panxampla[11329:70b] Finished load of: file:///Users/japonte/Library/Application%20Support/iPhone%20Simulator/7.1/Applications/1CA31A61-A6CA-4A50-997D-53D3336E0370/CI_Panxampla.app/www/index.html
2014-05-22 00:58:34.804 CI_Panxampla[11329:70b] ** Device Ready **
2014-05-22 00:58:37.642 CI_Panxampla[11329:70b] CDVWebViewDelegate: Navigation started when state=1
2014-05-22 00:58:37.643 CI_Panxampla[11329:70b] Failed to load webpage with error: CDVWebViewDelegate: Navigation started when state=1
2014-05-22 00:58:37.644 CI_Panxampla[11329:70b] Resetting plugins due to page load.
2014-05-22 00:58:37.739 CI_Panxampla[11329:70b] Finished load of: file:///Users/japonte/Library/Application%20Support/iPhone%20Simulator/7.1/Applications/1CA31A61-A6CA-4A50-997D-53D3336E0370/CI_Panxampla.app/www/galeria.html
2014-05-22 00:58:40.062 CI_Panxampla[11329:70b] CDVWebViewDelegate: Navigation started when state=1
2014-05-22 00:58:40.062 CI_Panxampla[11329:70b] Failed to load webpage with error: CDVWebViewDelegate: Navigation started when state=1
2014-05-22 00:58:40.063 CI_Panxampla[11329:70b] Resetting plugins due to page load.
2014-05-22 00:58:40.106 CI_Panxampla[11329:70b] Finished load of: file:///Users/japonte/Library/Application%20Support/iPhone%20Simulator/7.1/Applications/1CA31A61-A6CA-4A50-997D-53D3336E0370/CI_Panxampla.app/www/index.html
2014-05-22 00:58:40.136 CI_Panxampla[11329:70b] ** Device Ready **
2014-05-22 00:58:42.009 CI_Panxampla[11329:70b] CDVWebViewDelegate: Navigation started when state=1
2014-05-22 00:58:42.010 CI_Panxampla[11329:70b] Failed to load webpage with error: CDVWebViewDelegate: Navigation started when state=1
2014-05-22 00:58:42.011 CI_Panxampla[11329:70b] Resetting plugins due to page load.
2014-05-22 00:58:42.062 CI_Panxampla[11329:70b] Finished load of: file:///Users/japonte/Library/Application%20Support/iPhone%20Simulator/7.1/Applications/1CA31A61-A6CA-4A50-997D-53D3336E0370/CI_Panxampla.app/www/galeria.html
2014-05-22 01:08:54.628 CI_Panxampla[12382:70b] Multi-tasking -> Device: YES, App: YES
2014-05-22 01:08:54.638 CI_Panxampla[12382:70b] Unlimited access to network resources
2014-05-22 01:08:54.667 CI_Panxampla[12382:70b] [CDVTimer][statusbar] 8.775055ms
2014-05-22 01:08:54.670 CI_Panxampla[12382:70b] [CDVTimer][splashscreen] 3.404021ms
2014-05-22 01:08:54.671 CI_Panxampla[12382:70b] [CDVTimer][TotalPluginStartup] 13.593018ms
2014-05-22 01:08:54.913 CI_Panxampla[12382:70b] Resetting plugins due to page load.
2014-05-22 01:08:55.141 CI_Panxampla[12382:70b] Finished load of: file:///Users/japonte/Library/Application%20Support/iPhone%20Simulator/7.1/Applications/1CA31A61-A6CA-4A50-997D-53D3336E0370/CI_Panxampla.app/www/index.html
2014-05-22 01:08:55.179 CI_Panxampla[12382:70b] ** Device Ready **
2014-05-22 01:08:57.254 CI_Panxampla[12382:70b] CDVWebViewDelegate: Navigation started when state=1
2014-05-22 01:08:57.255 CI_Panxampla[12382:70b] Failed to load webpage with error: CDVWebViewDelegate: Navigation started when state=1
2014-05-22 01:08:57.256 CI_Panxampla[12382:70b] Resetting plugins due to page load.
2014-05-22 01:08:57.348 CI_Panxampla[12382:70b] Finished load of: file:///Users/japonte/Library/Application%20Support/iPhone%20Simulator/7.1/Applications/1CA31A61-A6CA-4A50-997D-53D3336E0370/CI_Panxampla.app/www/galeria.html
2014-05-22 01:09:03.379 CI_Panxampla[12382:70b] CDVWebViewDelegate: Navigation started when state=1
2014-05-22 01:09:03.379 CI_Panxampla[12382:70b] Failed to load webpage with error: CDVWebViewDelegate: Navigation started when state=1
2014-05-22 01:09:03.380 CI_Panxampla[12382:70b] Resetting plugins due to page load.
2014-05-22 01:09:03.448 CI_Panxampla[12382:70b] Finished load of: file:///Users/japonte/Library/Application%20Support/iPhone%20Simulator/7.1/Applications/1CA31A61-A6CA-4A50-997D-53D3336E0370/CI_Panxampla.app/www/index.html
2014-05-22 01:09:03.470 CI_Panxampla[12382:70b] ** Device Ready **
2014-05-22 01:09:05.778 CI_Panxampla[12382:70b] CDVWebViewDelegate: Navigation started when state=1
2014-05-22 01:09:05.779 CI_Panxampla[12382:70b] Failed to load webpage with error: CDVWebViewDelegate: Navigation started when state=1
2014-05-22 01:09:05.780 CI_Panxampla[12382:70b] Resetting plugins due to page load.
2014-05-22 01:09:05.830 CI_Panxampla[12382:70b] Finished load of: file:///Users/japonte/Library/Application%20Support/iPhone%20Simulator/7.1/Applications/1CA31A61-A6CA-4A50-997D-53D3336E0370/CI_Panxampla.app/www/agenda.html
2014-05-22 01:09:11.510 CI_Panxampla[12382:70b] CDVWebViewDelegate: Navigation started when state=1
2014-05-22 01:09:11.510 CI_Panxampla[12382:70b] Failed to load webpage with error: CDVWebViewDelegate: Navigation started when state=1
2014-05-22 01:09:11.511 CI_Panxampla[12382:70b] Resetting plugins due to page load.
2014-05-22 01:09:11.561 CI_Panxampla[12382:70b] Finished load of: file:///Users/japonte/Library/Application%20Support/iPhone%20Simulator/7.1/Applications/1CA31A61-A6CA-4A50-997D-53D3336E0370/CI_Panxampla.app/www/index.html
2014-05-22 01:09:11.587 CI_Panxampla[12382:70b] ** Device Ready **
2014-05-22 01:09:13.329 CI_Panxampla[12382:70b] CDVWebViewDelegate: Navigation started when state=1
2014-05-22 01:09:13.330 CI_Panxampla[12382:70b] Failed to load webpage with error: CDVWebViewDelegate: Navigation started when state=1
2014-05-22 01:09:13.331 CI_Panxampla[12382:70b] Resetting plugins due to page load.
2014-05-22 01:09:13.381 CI_Panxampla[12382:70b] Finished load of: file:///Users/japonte/Library/Application%20Support/iPhone%20Simulator/7.1/Applications/1CA31A61-A6CA-4A50-997D-53D3336E0370/CI_Panxampla.app/www/agenda.html
2014-05-22 01:09:16.024 CI_Panxampla[12382:70b] CDVWebViewDelegate: Navigation started when state=1
2014-05-22 01:09:16.024 CI_Panxampla[12382:70b] Failed to load webpage with error: CDVWebViewDelegate: Navigation started when state=1
2014-05-22 01:09:16.026 CI_Panxampla[12382:70b] Resetting plugins due to page load.
2014-05-22 01:09:16.079 CI_Panxampla[12382:70b] Finished load of: file:///Users/japonte/Library/Application%20Support/iPhone%20Simulator/7.1/Applications/1CA31A61-A6CA-4A50-997D-53D3336E0370/CI_Panxampla.app/www/index.html
2014-05-22 01:09:16.097 CI_Panxampla[12382:70b] ** Device Ready **
2014-05-22 01:09:18.088 CI_Panxampla[12382:70b] CDVWebViewDelegate: Navigation started when state=1
2014-05-22 01:09:18.089 CI_Panxampla[12382:70b] Failed to load webpage with error: CDVWebViewDelegate: Navigation started when state=1
2014-05-22 01:09:18.090 CI_Panxampla[12382:70b] Resetting plugins due to page load.
2014-05-22 01:09:18.142 CI_Panxampla[12382:70b] Finished load of: file:///Users/japonte/Library/Application%20Support/iPhone%20Simulator/7.1/Applications/1CA31A61-A6CA-4A50-997D-53D3336E0370/CI_Panxampla.app/www/galeria.html
2014-05-22 01:09:58.144 CI_Panxampla[12382:70b] CDVWebViewDelegate: Navigation started when state=1
2014-05-22 01:09:58.144 CI_Panxampla[12382:70b] Failed to load webpage with error: CDVWebViewDelegate: Navigation started when state=1
2014-05-22 01:09:58.145 CI_Panxampla[12382:70b] Resetting plugins due to page load.
2014-05-22 01:09:58.207 CI_Panxampla[12382:70b] Finished load of: file:///Users/japonte/Library/Application%20Support/iPhone%20Simulator/7.1/Applications/1CA31A61-A6CA-4A50-997D-53D3336E0370/CI_Panxampla.app/www/index.html
2014-05-22 01:09:58.238 CI_Panxampla[12382:70b] ** Device Ready **
2014-05-22 01:20:03.588 CI_Panxampla[12818:70b] Multi-tasking -> Device: YES, App: YES
2014-05-22 01:20:03.598 CI_Panxampla[12818:70b] Unlimited access to network resources
2014-05-22 01:20:03.622 CI_Panxampla[12818:70b] [CDVTimer][statusbar] 7.264972ms
2014-05-22 01:20:03.624 CI_Panxampla[12818:70b] [CDVTimer][splashscreen] 2.211034ms
2014-05-22 01:20:03.624 CI_Panxampla[12818:70b] [CDVTimer][TotalPluginStartup] 10.150015ms
2014-05-22 01:20:03.668 CI_Panxampla[12818:70b] Resetting plugins due to page load.
2014-05-22 01:20:03.800 CI_Panxampla[12818:70b] Finished load of: file:///Users/japonte/Library/Application%20Support/iPhone%20Simulator/7.1/Applications/1CA31A61-A6CA-4A50-997D-53D3336E0370/CI_Panxampla.app/www/index.html
2014-05-22 01:20:03.827 CI_Panxampla[12818:70b] ** Device Ready **
2014-05-22 01:20:25.981 CI_Panxampla[13221:70b] Multi-tasking -> Device: YES, App: YES
2014-05-22 01:20:26.001 CI_Panxampla[13221:70b] Unlimited access to network resources
2014-05-22 01:20:26.041 CI_Panxampla[13221:70b] [CDVTimer][statusbar] 11.286020ms
2014-05-22 01:20:26.045 CI_Panxampla[13221:70b] [CDVTimer][splashscreen] 3.242016ms
2014-05-22 01:20:26.046 CI_Panxampla[13221:70b] [CDVTimer][TotalPluginStartup] 15.695989ms
2014-05-22 01:20:26.204 CI_Panxampla[13221:70b] Resetting plugins due to page load.
2014-05-22 01:20:26.487 CI_Panxampla[13221:70b] Finished load of: file:///Users/japonte/Library/Application%20Support/iPhone%20Simulator/7.1/Applications/1CA31A61-A6CA-4A50-997D-53D3336E0370/CI_Panxampla.app/www/index.html
2014-05-22 01:20:26.527 CI_Panxampla[13221:70b] ** Device Ready **
2014-05-22 01:20:28.505 CI_Panxampla[13221:70b] CDVWebViewDelegate: Navigation started when state=1
2014-05-22 01:20:28.505 CI_Panxampla[13221:70b] Failed to load webpage with error: CDVWebViewDelegate: Navigation started when state=1
2014-05-22 01:20:28.506 CI_Panxampla[13221:70b] Resetting plugins due to page load.
2014-05-22 01:20:28.599 CI_Panxampla[13221:70b] Finished load of: file:///Users/japonte/Library/Application%20Support/iPhone%20Simulator/7.1/Applications/1CA31A61-A6CA-4A50-997D-53D3336E0370/CI_Panxampla.app/www/galeria.html
2014-05-22 01:24:28.040 CI_Panxampla[13626:70b] Multi-tasking -> Device: YES, App: YES
2014-05-22 01:24:28.046 CI_Panxampla[13626:70b] Unlimited access to network resources
2014-05-22 01:24:28.069 CI_Panxampla[13626:70b] [CDVTimer][statusbar] 6.961048ms
2014-05-22 01:24:28.072 CI_Panxampla[13626:70b] [CDVTimer][splashscreen] 2.382040ms
2014-05-22 01:24:28.072 CI_Panxampla[13626:70b] [CDVTimer][TotalPluginStartup] 10.159969ms
2014-05-22 01:24:28.115 CI_Panxampla[13626:70b] Resetting plugins due to page load.
2014-05-22 01:24:28.248 CI_Panxampla[13626:70b] Finished load of: file:///Users/japonte/Library/Application%20Support/iPhone%20Simulator/7.1/Applications/1CA31A61-A6CA-4A50-997D-53D3336E0370/CI_Panxampla.app/www/index.html
2014-05-22 01:24:28.277 CI_Panxampla[13626:70b] ** Device Ready **
2014-05-22 01:24:37.601 CI_Panxampla[13626:70b] CDVWebViewDelegate: Navigation started when state=1
2014-05-22 01:24:37.601 CI_Panxampla[13626:70b] Failed to load webpage with error: CDVWebViewDelegate: Navigation started when state=1
2014-05-22 01:24:37.602 CI_Panxampla[13626:70b] Resetting plugins due to page load.
2014-05-22 01:24:37.690 CI_Panxampla[13626:70b] Finished load of: file:///Users/japonte/Library/Application%20Support/iPhone%20Simulator/7.1/Applications/1CA31A61-A6CA-4A50-997D-53D3336E0370/CI_Panxampla.app/www/galeria.html
2014-05-22 01:26:28.688 CI_Panxampla[14021:70b] Multi-tasking -> Device: YES, App: YES
2014-05-22 01:26:28.694 CI_Panxampla[14021:70b] Unlimited access to network resources
2014-05-22 01:26:28.715 CI_Panxampla[14021:70b] [CDVTimer][statusbar] 6.145000ms
2014-05-22 01:26:28.718 CI_Panxampla[14021:70b] [CDVTimer][splashscreen] 2.422988ms
2014-05-22 01:26:28.719 CI_Panxampla[14021:70b] [CDVTimer][TotalPluginStartup] 9.323001ms
2014-05-22 01:26:28.762 CI_Panxampla[14021:70b] Resetting plugins due to page load.
2014-05-22 01:26:28.893 CI_Panxampla[14021:70b] Finished load of: file:///Users/japonte/Library/Application%20Support/iPhone%20Simulator/7.1/Applications/1CA31A61-A6CA-4A50-997D-53D3336E0370/CI_Panxampla.app/www/index.html
2014-05-22 01:26:28.919 CI_Panxampla[14021:70b] ** Device Ready **
2014-05-22 01:26:36.376 CI_Panxampla[14021:70b] CDVWebViewDelegate: Navigation started when state=1
2014-05-22 01:26:36.376 CI_Panxampla[14021:70b] Failed to load webpage with error: CDVWebViewDelegate: Navigation started when state=1
2014-05-22 01:26:36.378 CI_Panxampla[14021:70b] Resetting plugins due to page load.
2014-05-22 01:26:36.462 CI_Panxampla[14021:70b] Finished load of: file:///Users/japonte/Library/Application%20Support/iPhone%20Simulator/7.1/Applications/1CA31A61-A6CA-4A50-997D-53D3336E0370/CI_Panxampla.app/www/galeria.html
2014-05-22 01:26:51.744 CI_Panxampla[14021:70b] CDVWebViewDelegate: Navigation started when state=1
2014-05-22 01:26:51.745 CI_Panxampla[14021:70b] Failed to load webpage with error: CDVWebViewDelegate: Navigation started when state=1
2014-05-22 01:26:51.746 CI_Panxampla[14021:70b] Resetting plugins due to page load.
2014-05-22 01:26:51.815 CI_Panxampla[14021:70b] Finished load of: file:///Users/japonte/Library/Application%20Support/iPhone%20Simulator/7.1/Applications/1CA31A61-A6CA-4A50-997D-53D3336E0370/CI_Panxampla.app/www/index.html
2014-05-22 01:26:51.829 CI_Panxampla[14021:70b] ** Device Ready **
2014-05-22 01:29:44.065 CI_Panxampla[14021:70b] CDVWebViewDelegate: Navigation started when state=1
2014-05-22 01:29:44.065 CI_Panxampla[14021:70b] Failed to load webpage with error: CDVWebViewDelegate: Navigation started when state=1
2014-05-22 01:29:44.066 CI_Panxampla[14021:70b] Resetting plugins due to page load.
2014-05-22 01:29:44.122 CI_Panxampla[14021:70b] Finished load of: file:///Users/japonte/Library/Application%20Support/iPhone%20Simulator/7.1/Applications/1CA31A61-A6CA-4A50-997D-53D3336E0370/CI_Panxampla.app/www/galeria.html
2014-05-22 01:30:10.900 CI_Panxampla[14021:70b] CDVWebViewDelegate: Navigation started when state=1
2014-05-22 01:30:10.900 CI_Panxampla[14021:70b] Failed to load webpage with error: CDVWebViewDelegate: Navigation started when state=1
2014-05-22 01:30:10.901 CI_Panxampla[14021:70b] Resetting plugins due to page load.
2014-05-22 01:30:10.974 CI_Panxampla[14021:70b] Finished load of: file:///Users/japonte/Library/Application%20Support/iPhone%20Simulator/7.1/Applications/1CA31A61-A6CA-4A50-997D-53D3336E0370/CI_Panxampla.app/www/index.html
2014-05-22 01:30:10.975 CI_Panxampla[14021:70b] ** Device Ready **
2014-05-22 01:46:53.849 CI_Panxampla[14503:70b] Multi-tasking -> Device: YES, App: YES
2014-05-22 01:46:53.858 CI_Panxampla[14503:70b] Unlimited access to network resources
2014-05-22 01:46:53.890 CI_Panxampla[14503:70b] [CDVTimer][statusbar] 9.760022ms
2014-05-22 01:46:53.894 CI_Panxampla[14503:70b] [CDVTimer][splashscreen] 3.283024ms
2014-05-22 01:46:53.895 CI_Panxampla[14503:70b] [CDVTimer][TotalPluginStartup] 14.006972ms
2014-05-22 01:46:54.050 CI_Panxampla[14503:70b] Resetting plugins due to page load.
2014-05-22 01:46:54.322 CI_Panxampla[14503:70b] Finished load of: file:///Users/japonte/Library/Application%20Support/iPhone%20Simulator/7.1/Applications/1CA31A61-A6CA-4A50-997D-53D3336E0370/CI_Panxampla.app/www/index.html
2014-05-22 01:46:54.365 CI_Panxampla[14503:70b] ** Device Ready **
2014-05-22 01:46:56.573 CI_Panxampla[14503:70b] Resetting plugins due to page load.
2014-05-22 01:46:56.662 CI_Panxampla[14503:70b] Finished load of: file:///Users/japonte/Library/Application%20Support/iPhone%20Simulator/7.1/Applications/1CA31A61-A6CA-4A50-997D-53D3336E0370/CI_Panxampla.app/www/mapa.html
2014-05-22 01:50:41.036 CI_Panxampla[14503:70b] CDVWebViewDelegate: Navigation started when state=1
2014-05-22 01:50:41.037 CI_Panxampla[14503:70b] Failed to load webpage with error: CDVWebViewDelegate: Navigation started when state=1
2014-05-22 01:50:41.038 CI_Panxampla[14503:70b] Resetting plugins due to page load.
2014-05-22 01:50:41.099 CI_Panxampla[14503:70b] Finished load of: file:///Users/japonte/Library/Application%20Support/iPhone%20Simulator/7.1/Applications/1CA31A61-A6CA-4A50-997D-53D3336E0370/CI_Panxampla.app/www/index.html
2014-05-22 01:50:41.124 CI_Panxampla[14503:70b] ** Device Ready **
2014-05-22 01:50:43.507 CI_Panxampla[14503:70b] CDVWebViewDelegate: Navigation started when state=1
2014-05-22 01:50:43.507 CI_Panxampla[14503:70b] Failed to load webpage with error: CDVWebViewDelegate: Navigation started when state=1
2014-05-22 01:50:43.508 CI_Panxampla[14503:70b] Resetting plugins due to page load.
2014-05-22 01:50:43.565 CI_Panxampla[14503:70b] Finished load of: file:///Users/japonte/Library/Application%20Support/iPhone%20Simulator/7.1/Applications/1CA31A61-A6CA-4A50-997D-53D3336E0370/CI_Panxampla.app/www/agenda.html
2014-05-22 01:51:31.747 CI_Panxampla[14503:70b] CDVWebViewDelegate: Navigation started when state=1
2014-05-22 01:51:31.748 CI_Panxampla[14503:70b] Failed to load webpage with error: CDVWebViewDelegate: Navigation started when state=1
2014-05-22 01:51:31.749 CI_Panxampla[14503:70b] Resetting plugins due to page load.
2014-05-22 01:51:31.801 CI_Panxampla[14503:70b] Finished load of: file:///Users/japonte/Library/Application%20Support/iPhone%20Simulator/7.1/Applications/1CA31A61-A6CA-4A50-997D-53D3336E0370/CI_Panxampla.app/www/index.html
2014-05-22 01:51:31.826 CI_Panxampla[14503:70b] ** Device Ready **
2014-05-22 01:51:35.461 CI_Panxampla[14503:70b] CDVWebViewDelegate: Navigation started when state=1
2014-05-22 01:51:35.462 CI_Panxampla[14503:70b] Failed to load webpage with error: CDVWebViewDelegate: Navigation started when state=1
2014-05-22 01:51:35.463 CI_Panxampla[14503:70b] Resetting plugins due to page load.
2014-05-22 01:51:35.544 CI_Panxampla[14503:70b] Finished load of: file:///Users/japonte/Library/Application%20Support/iPhone%20Simulator/7.1/Applications/1CA31A61-A6CA-4A50-997D-53D3336E0370/CI_Panxampla.app/www/galeria.html
2014-05-22 01:51:52.205 CI_Panxampla[14503:70b] CDVWebViewDelegate: Navigation started when state=1
2014-05-22 01:51:52.205 CI_Panxampla[14503:70b] Failed to load webpage with error: CDVWebViewDelegate: Navigation started when state=1
2014-05-22 01:51:52.207 CI_Panxampla[14503:70b] Resetting plugins due to page load.
2014-05-22 01:51:52.279 CI_Panxampla[14503:70b] Finished load of: file:///Users/japonte/Library/Application%20Support/iPhone%20Simulator/7.1/Applications/1CA31A61-A6CA-4A50-997D-53D3336E0370/CI_Panxampla.app/www/index.html
2014-05-22 01:51:52.295 CI_Panxampla[14503:70b] ** Device Ready **
2014-05-22 01:51:54.598 CI_Panxampla[14503:70b] Resetting plugins due to page load.
2014-05-22 01:51:54.665 CI_Panxampla[14503:70b] Finished load of: file:///Users/japonte/Library/Application%20Support/iPhone%20Simulator/7.1/Applications/1CA31A61-A6CA-4A50-997D-53D3336E0370/CI_Panxampla.app/www/mapa.html
2014-05-22 01:52:02.340 CI_Panxampla[14503:70b] Resetting plugins due to page load.
2014-05-22 01:52:02.427 CI_Panxampla[14503:70b] Finished load of: file:///Users/japonte/Library/Application%20Support/iPhone%20Simulator/7.1/Applications/1CA31A61-A6CA-4A50-997D-53D3336E0370/CI_Panxampla.app/www/index.html
2014-05-22 01:52:02.448 CI_Panxampla[14503:70b] ** Device Ready **
2014-05-22 01:52:31.102 CI_Panxampla[14503:70b] CDVWebViewDelegate: Navigation started when state=1
2014-05-22 01:52:31.102 CI_Panxampla[14503:70b] Failed to load webpage with error: CDVWebViewDelegate: Navigation started when state=1
2014-05-22 01:52:31.104 CI_Panxampla[14503:70b] Resetting plugins due to page load.
2014-05-22 01:52:31.171 CI_Panxampla[14503:70b] Finished load of: file:///Users/japonte/Library/Application%20Support/iPhone%20Simulator/7.1/Applications/1CA31A61-A6CA-4A50-997D-53D3336E0370/CI_Panxampla.app/www/galeria.html
2014-05-22 01:52:33.903 CI_Panxampla[14503:70b] CDVWebViewDelegate: Navigation started when state=1
2014-05-22 01:52:33.904 CI_Panxampla[14503:70b] Failed to load webpage with error: CDVWebViewDelegate: Navigation started when state=1
2014-05-22 01:52:33.905 CI_Panxampla[14503:70b] Resetting plugins due to page load.
2014-05-22 01:52:33.980 CI_Panxampla[14503:70b] Finished load of: file:///Users/japonte/Library/Application%20Support/iPhone%20Simulator/7.1/Applications/1CA31A61-A6CA-4A50-997D-53D3336E0370/CI_Panxampla.app/www/index.html
2014-05-22 01:52:34.013 CI_Panxampla[14503:70b] ** Device Ready **
2014-05-22 01:52:46.574 CI_Panxampla[14503:70b] Received memory warning.
